2025/02/23 08:33:28 [notice] 1#1: using the "epoll" event method
2025/02/23 08:33:28 [notice] 1#1: nginx/1.27.4
2025/02/23 08:33:28 [notice] 1#1: built by gcc 12.2.0 (Debian 12.2.0-14) 
2025/02/23 08:33:28 [notice] 1#1: OS: Linux 5.15.49-linuxkit-pr
2025/02/23 08:33:28 [notice] 1#1: getrlimit(RLIMIT_NOFILE): 1048576:1048576
2025/02/23 08:33:28 [notice] 1#1: start worker processes
2025/02/23 08:33:28 [notice] 1#1: start worker process 28
2025/02/23 08:33:28 [notice] 1#1: start worker process 29
2025/02/23 08:33:28 [notice] 1#1: start worker process 30
2025/02/23 08:33:28 [notice] 1#1: start worker process 31
2025/02/23 08:35:24 [notice] 1#1: signal 3 (SIGQUIT) received, shutting down
2025/02/23 08:35:24 [notice] 31#31: gracefully shutting down
2025/02/23 08:35:24 [notice] 31#31: exiting
2025/02/23 08:35:24 [notice] 28#28: gracefully shutting down
2025/02/23 08:35:24 [notice] 29#29: gracefully shutting down
2025/02/23 08:35:24 [notice] 30#30: gracefully shutting down
2025/02/23 08:35:24 [notice] 31#31: exit
2025/02/23 08:35:24 [notice] 28#28: exiting
2025/02/23 08:35:24 [notice] 28#28: exit
2025/02/23 08:35:24 [notice] 29#29: exiting
2025/02/23 08:35:24 [notice] 30#30: exiting
2025/02/23 08:35:24 [notice] 29#29: exit
2025/02/23 08:35:24 [notice] 30#30: exit
2025/02/23 08:35:24 [notice] 1#1: signal 17 (SIGCHLD) received from 31
2025/02/23 08:35:24 [notice] 1#1: worker process 28 exited with code 0
2025/02/23 08:35:24 [notice] 1#1: worker process 31 exited with code 0
2025/02/23 08:35:24 [notice] 1#1: signal 29 (SIGIO) received
2025/02/23 08:35:24 [notice] 1#1: signal 17 (SIGCHLD) received from 29
2025/02/23 08:35:24 [notice] 1#1: worker process 29 exited with code 0
2025/02/23 08:35:24 [notice] 1#1: worker process 30 exited with code 0
2025/02/23 08:35:24 [notice] 1#1: exit
2025/02/23 08:35:30 [notice] 1#1: using the "epoll" event method
2025/02/23 08:35:30 [notice] 1#1: nginx/1.27.4
2025/02/23 08:35:30 [notice] 1#1: built by gcc 12.2.0 (Debian 12.2.0-14) 
2025/02/23 08:35:30 [notice] 1#1: OS: Linux 5.15.49-linuxkit-pr
2025/02/23 08:35:30 [notice] 1#1: getrlimit(RLIMIT_NOFILE): 1048576:1048576
2025/02/23 08:35:30 [notice] 1#1: start worker processes
2025/02/23 08:35:30 [notice] 1#1: start worker process 29
2025/02/23 08:35:30 [notice] 1#1: start worker process 30
2025/02/23 08:35:30 [notice] 1#1: start worker process 31
2025/02/23 08:35:30 [notice] 1#1: start worker process 32
2025/02/23 08:38:30 [notice] 1#1: signal 3 (SIGQUIT) received, shutting down
2025/02/23 08:38:30 [notice] 32#32: gracefully shutting down
2025/02/23 08:38:30 [notice] 31#31: gracefully shutting down
2025/02/23 08:38:30 [notice] 30#30: gracefully shutting down
2025/02/23 08:38:30 [notice] 30#30: exiting
2025/02/23 08:38:30 [notice] 29#29: gracefully shutting down
2025/02/23 08:38:30 [notice] 32#32: exiting
2025/02/23 08:38:30 [notice] 31#31: exiting
2025/02/23 08:38:30 [notice] 30#30: exit
2025/02/23 08:38:30 [notice] 29#29: exiting
2025/02/23 08:38:30 [notice] 32#32: exit
2025/02/23 08:38:30 [notice] 31#31: exit
2025/02/23 08:38:30 [notice] 29#29: exit
2025/02/23 08:38:30 [notice] 1#1: signal 17 (SIGCHLD) received from 32
2025/02/23 08:38:30 [notice] 1#1: worker process 32 exited with code 0
2025/02/23 08:38:30 [notice] 1#1: signal 29 (SIGIO) received
2025/02/23 08:38:30 [notice] 1#1: signal 17 (SIGCHLD) received from 30
2025/02/23 08:38:30 [notice] 1#1: worker process 30 exited with code 0
2025/02/23 08:38:30 [notice] 1#1: worker process 31 exited with code 0
2025/02/23 08:38:30 [notice] 1#1: signal 29 (SIGIO) received
2025/02/23 08:38:30 [notice] 1#1: signal 17 (SIGCHLD) received from 31
2025/02/23 08:38:30 [notice] 1#1: worker process 29 exited with code 0
2025/02/23 08:38:30 [notice] 1#1: exit
2025/02/23 08:38:34 [notice] 1#1: using the "epoll" event method
2025/02/23 08:38:34 [notice] 1#1: nginx/1.27.4
2025/02/23 08:38:34 [notice] 1#1: built by gcc 12.2.0 (Debian 12.2.0-14) 
2025/02/23 08:38:34 [notice] 1#1: OS: Linux 5.15.49-linuxkit-pr
2025/02/23 08:38:34 [notice] 1#1: getrlimit(RLIMIT_NOFILE): 1048576:1048576
2025/02/23 08:38:34 [notice] 1#1: start worker processes
2025/02/23 08:38:34 [notice] 1#1: start worker process 29
2025/02/23 08:38:34 [notice] 1#1: start worker process 30
2025/02/23 08:38:34 [notice] 1#1: start worker process 31
2025/02/23 08:38:34 [notice] 1#1: start worker process 32
2025/02/23 08:44:07 [notice] 1#1: signal 3 (SIGQUIT) received, shutting down
2025/02/23 08:44:07 [notice] 29#29: gracefully shutting down
2025/02/23 08:44:07 [notice] 30#30: gracefully shutting down
2025/02/23 08:44:07 [notice] 30#30: exiting
2025/02/23 08:44:07 [notice] 31#31: gracefully shutting down
2025/02/23 08:44:07 [notice] 32#32: gracefully shutting down
2025/02/23 08:44:07 [notice] 29#29: exiting
2025/02/23 08:44:07 [notice] 30#30: exit
2025/02/23 08:44:07 [notice] 31#31: exiting
2025/02/23 08:44:07 [notice] 32#32: exiting
2025/02/23 08:44:07 [notice] 29#29: exit
2025/02/23 08:44:07 [notice] 31#31: exit
2025/02/23 08:44:07 [notice] 32#32: exit
2025/02/23 08:44:07 [notice] 1#1: signal 17 (SIGCHLD) received from 31
2025/02/23 08:44:07 [notice] 1#1: worker process 29 exited with code 0
2025/02/23 08:44:07 [notice] 1#1: worker process 31 exited with code 0
2025/02/23 08:44:07 [notice] 1#1: signal 29 (SIGIO) received
2025/02/23 08:44:07 [notice] 1#1: signal 17 (SIGCHLD) received from 30
2025/02/23 08:44:07 [notice] 1#1: worker process 30 exited with code 0
2025/02/23 08:44:07 [notice] 1#1: signal 29 (SIGIO) received
2025/02/23 08:44:07 [notice] 1#1: signal 17 (SIGCHLD) received from 32
2025/02/23 08:44:07 [notice] 1#1: worker process 32 exited with code 0
2025/02/23 08:44:07 [notice] 1#1: exit
2025/02/23 08:44:08 [notice] 1#1: using the "epoll" event method
2025/02/23 08:44:08 [notice] 1#1: nginx/1.27.4
2025/02/23 08:44:08 [notice] 1#1: built by gcc 12.2.0 (Debian 12.2.0-14) 
2025/02/23 08:44:08 [notice] 1#1: OS: Linux 5.15.49-linuxkit-pr
2025/02/23 08:44:08 [notice] 1#1: getrlimit(RLIMIT_NOFILE): 1048576:1048576
2025/02/23 08:44:08 [notice] 1#1: start worker processes
2025/02/23 08:44:08 [notice] 1#1: start worker process 27
2025/02/23 08:44:08 [notice] 1#1: start worker process 28
2025/02/23 08:44:08 [notice] 1#1: start worker process 29
2025/02/23 08:44:08 [notice] 1#1: start worker process 30
2025/02/23 08:44:10 [notice] 1#1: signal 3 (SIGQUIT) received, shutting down
2025/02/23 08:44:10 [notice] 29#29: gracefully shutting down
2025/02/23 08:44:10 [notice] 27#27: gracefully shutting down
2025/02/23 08:44:10 [notice] 27#27: exiting
2025/02/23 08:44:10 [notice] 28#28: gracefully shutting down
2025/02/23 08:44:10 [notice] 28#28: exiting
2025/02/23 08:44:10 [notice] 30#30: gracefully shutting down
2025/02/23 08:44:10 [notice] 30#30: exiting
2025/02/23 08:44:10 [notice] 29#29: exiting
2025/02/23 08:44:10 [notice] 27#27: exit
2025/02/23 08:44:10 [notice] 28#28: exit
2025/02/23 08:44:10 [notice] 30#30: exit
2025/02/23 08:44:10 [notice] 29#29: exit
2025/02/23 08:44:10 [notice] 1#1: signal 17 (SIGCHLD) received from 27
2025/02/23 08:44:10 [notice] 1#1: worker process 27 exited with code 0
2025/02/23 08:44:10 [notice] 1#1: worker process 28 exited with code 0
2025/02/23 08:44:10 [notice] 1#1: signal 29 (SIGIO) received
2025/02/23 08:44:10 [notice] 1#1: signal 17 (SIGCHLD) received from 30
2025/02/23 08:44:10 [notice] 1#1: worker process 30 exited with code 0
2025/02/23 08:44:10 [notice] 1#1: signal 29 (SIGIO) received
2025/02/23 08:44:10 [notice] 1#1: signal 17 (SIGCHLD) received from 29
2025/02/23 08:44:10 [notice] 1#1: worker process 29 exited with code 0
2025/02/23 08:44:10 [notice] 1#1: exit
2025/02/23 08:44:15 [notice] 1#1: using the "epoll" event method
2025/02/23 08:44:15 [notice] 1#1: nginx/1.27.4
2025/02/23 08:44:15 [notice] 1#1: built by gcc 12.2.0 (Debian 12.2.0-14) 
2025/02/23 08:44:15 [notice] 1#1: OS: Linux 5.15.49-linuxkit-pr
2025/02/23 08:44:15 [notice] 1#1: getrlimit(RLIMIT_NOFILE): 1048576:1048576
2025/02/23 08:44:15 [notice] 1#1: start worker processes
2025/02/23 08:44:15 [notice] 1#1: start worker process 28
2025/02/23 08:44:15 [notice] 1#1: start worker process 29
2025/02/23 08:44:15 [notice] 1#1: start worker process 30
2025/02/23 08:44:15 [notice] 1#1: start worker process 31
2025/02/23 08:47:09 [notice] 1#1: signal 3 (SIGQUIT) received, shutting down
2025/02/23 08:47:09 [notice] 28#28: gracefully shutting down
2025/02/23 08:47:09 [notice] 28#28: exiting
2025/02/23 08:47:09 [notice] 31#31: gracefully shutting down
2025/02/23 08:47:09 [notice] 29#29: gracefully shutting down
2025/02/23 08:47:09 [notice] 29#29: exiting
2025/02/23 08:47:09 [notice] 30#30: gracefully shutting down
2025/02/23 08:47:09 [notice] 28#28: exit
2025/02/23 08:47:09 [notice] 31#31: exiting
2025/02/23 08:47:09 [notice] 29#29: exit
2025/02/23 08:47:09 [notice] 30#30: exiting
2025/02/23 08:47:09 [notice] 31#31: exit
2025/02/23 08:47:09 [notice] 30#30: exit
2025/02/23 08:47:09 [notice] 1#1: signal 17 (SIGCHLD) received from 28
2025/02/23 08:47:09 [notice] 1#1: worker process 28 exited with code 0
2025/02/23 08:47:09 [notice] 1#1: signal 29 (SIGIO) received
2025/02/23 08:47:09 [notice] 1#1: signal 17 (SIGCHLD) received from 29
2025/02/23 08:47:09 [notice] 1#1: worker process 29 exited with code 0
2025/02/23 08:47:09 [notice] 1#1: worker process 30 exited with code 0
2025/02/23 08:47:09 [notice] 1#1: worker process 31 exited with code 0
2025/02/23 08:47:09 [notice] 1#1: exit
2025/02/23 08:47:14 [notice] 1#1: using the "epoll" event method
2025/02/23 08:47:14 [notice] 1#1: nginx/1.27.4
2025/02/23 08:47:14 [notice] 1#1: built by gcc 12.2.0 (Debian 12.2.0-14) 
2025/02/23 08:47:14 [notice] 1#1: OS: Linux 5.15.49-linuxkit-pr
2025/02/23 08:47:14 [notice] 1#1: getrlimit(RLIMIT_NOFILE): 1048576:1048576
2025/02/23 08:47:14 [notice] 1#1: start worker processes
2025/02/23 08:47:14 [notice] 1#1: start worker process 28
2025/02/23 08:47:14 [notice] 1#1: start worker process 29
2025/02/23 08:47:14 [notice] 1#1: start worker process 30
2025/02/23 08:47:14 [notice] 1#1: start worker process 31
2025/02/23 08:51:14 [notice] 1#1: signal 3 (SIGQUIT) received, shutting down
2025/02/23 08:51:14 [notice] 28#28: gracefully shutting down
2025/02/23 08:51:14 [notice] 28#28: exiting
2025/02/23 08:51:14 [notice] 29#29: gracefully shutting down
2025/02/23 08:51:14 [notice] 29#29: exiting
2025/02/23 08:51:14 [notice] 31#31: gracefully shutting down
2025/02/23 08:51:14 [notice] 31#31: exiting
2025/02/23 08:51:14 [notice] 30#30: gracefully shutting down
2025/02/23 08:51:14 [notice] 30#30: exiting
2025/02/23 08:51:14 [notice] 28#28: exit
2025/02/23 08:51:14 [notice] 29#29: exit
2025/02/23 08:51:14 [notice] 31#31: exit
2025/02/23 08:51:14 [notice] 30#30: exit
2025/02/23 08:51:14 [notice] 1#1: signal 17 (SIGCHLD) received from 29
2025/02/23 08:51:14 [notice] 1#1: worker process 28 exited with code 0
2025/02/23 08:51:14 [notice] 1#1: worker process 29 exited with code 0
2025/02/23 08:51:14 [notice] 1#1: signal 29 (SIGIO) received
2025/02/23 08:51:14 [notice] 1#1: signal 17 (SIGCHLD) received from 31
2025/02/23 08:51:14 [notice] 1#1: worker process 31 exited with code 0
2025/02/23 08:51:14 [notice] 1#1: signal 29 (SIGIO) received
2025/02/23 08:51:14 [notice] 1#1: signal 17 (SIGCHLD) received from 30
2025/02/23 08:51:14 [notice] 1#1: worker process 30 exited with code 0
2025/02/23 08:51:14 [notice] 1#1: exit
2025/02/23 08:51:18 [notice] 1#1: using the "epoll" event method
2025/02/23 08:51:18 [notice] 1#1: nginx/1.27.4
2025/02/23 08:51:18 [notice] 1#1: built by gcc 12.2.0 (Debian 12.2.0-14) 
2025/02/23 08:51:18 [notice] 1#1: OS: Linux 5.15.49-linuxkit-pr
2025/02/23 08:51:18 [notice] 1#1: getrlimit(RLIMIT_NOFILE): 1048576:1048576
2025/02/23 08:51:18 [notice] 1#1: start worker processes
2025/02/23 08:51:18 [notice] 1#1: start worker process 28
2025/02/23 08:51:18 [notice] 1#1: start worker process 29
2025/02/23 08:51:18 [notice] 1#1: start worker process 30
2025/02/23 08:51:18 [notice] 1#1: start worker process 31
2025/02/23 09:33:27 [notice] 1#1: signal 3 (SIGQUIT) received, shutting down
2025/02/23 09:33:27 [notice] 28#28: gracefully shutting down
2025/02/23 09:33:27 [notice] 31#31: gracefully shutting down
2025/02/23 09:33:27 [notice] 29#29: gracefully shutting down
2025/02/23 09:33:27 [notice] 30#30: gracefully shutting down
2025/02/23 09:33:27 [notice] 28#28: exiting
2025/02/23 09:33:27 [notice] 28#28: exit
2025/02/23 09:33:27 [notice] 31#31: exiting
2025/02/23 09:33:27 [notice] 29#29: exiting
2025/02/23 09:33:27 [notice] 29#29: exit
2025/02/23 09:33:27 [notice] 30#30: exiting
2025/02/23 09:33:27 [notice] 31#31: exit
2025/02/23 09:33:27 [notice] 30#30: exit
2025/02/23 09:33:27 [notice] 1#1: signal 17 (SIGCHLD) received from 28
2025/02/23 09:33:27 [notice] 1#1: worker process 28 exited with code 0
2025/02/23 09:33:27 [notice] 1#1: worker process 31 exited with code 0
2025/02/23 09:33:27 [notice] 1#1: signal 29 (SIGIO) received
2025/02/23 09:33:27 [notice] 1#1: signal 17 (SIGCHLD) received from 30
2025/02/23 09:33:27 [notice] 1#1: worker process 30 exited with code 0
2025/02/23 09:33:27 [notice] 1#1: signal 29 (SIGIO) received
2025/02/23 09:33:27 [notice] 1#1: signal 17 (SIGCHLD) received from 29
2025/02/23 09:33:27 [notice] 1#1: worker process 29 exited with code 0
2025/02/23 09:33:27 [notice] 1#1: exit
2025/02/24 02:28:16 [notice] 1#1: using the "epoll" event method
2025/02/24 02:28:16 [notice] 1#1: nginx/1.27.4
2025/02/24 02:28:16 [notice] 1#1: built by gcc 12.2.0 (Debian 12.2.0-14) 
2025/02/24 02:28:16 [notice] 1#1: OS: Linux 5.15.49-linuxkit-pr
2025/02/24 02:28:16 [notice] 1#1: getrlimit(RLIMIT_NOFILE): 1048576:1048576
2025/02/24 02:28:16 [notice] 1#1: start worker processes
2025/02/24 02:28:16 [notice] 1#1: start worker process 28
2025/02/24 02:28:16 [notice] 1#1: start worker process 29
2025/02/24 02:28:16 [notice] 1#1: start worker process 30
2025/02/24 02:28:16 [notice] 1#1: start worker process 31
2025/02/24 02:28:37 [notice] 1#1: signal 3 (SIGQUIT) received, shutting down
2025/02/24 02:28:37 [notice] 28#28: gracefully shutting down
2025/02/24 02:28:37 [notice] 28#28: exiting
2025/02/24 02:28:37 [notice] 29#29: gracefully shutting down
2025/02/24 02:28:37 [notice] 29#29: exiting
2025/02/24 02:28:37 [notice] 31#31: gracefully shutting down
2025/02/24 02:28:37 [notice] 30#30: gracefully shutting down
2025/02/24 02:28:37 [notice] 28#28: exit
2025/02/24 02:28:37 [notice] 29#29: exit
2025/02/24 02:28:37 [notice] 31#31: exiting
2025/02/24 02:28:37 [notice] 30#30: exiting
2025/02/24 02:28:37 [notice] 31#31: exit
2025/02/24 02:28:37 [notice] 30#30: exit
2025/02/24 02:28:37 [notice] 1#1: signal 17 (SIGCHLD) received from 28
2025/02/24 02:28:37 [notice] 1#1: worker process 28 exited with code 0
2025/02/24 02:28:37 [notice] 1#1: signal 29 (SIGIO) received
2025/02/24 02:28:37 [notice] 1#1: signal 17 (SIGCHLD) received from 29
2025/02/24 02:28:37 [notice] 1#1: worker process 29 exited with code 0
2025/02/24 02:28:37 [notice] 1#1: worker process 31 exited with code 0
2025/02/24 02:28:37 [notice] 1#1: signal 29 (SIGIO) received
2025/02/24 02:28:37 [notice] 1#1: signal 17 (SIGCHLD) received from 30
2025/02/24 02:28:37 [notice] 1#1: worker process 30 exited with code 0
2025/02/24 02:28:37 [notice] 1#1: exit
2025/02/24 02:29:20 [notice] 1#1: using the "epoll" event method
2025/02/24 02:29:20 [notice] 1#1: nginx/1.27.4
2025/02/24 02:29:20 [notice] 1#1: built by gcc 12.2.0 (Debian 12.2.0-14) 
2025/02/24 02:29:20 [notice] 1#1: OS: Linux 5.15.49-linuxkit-pr
2025/02/24 02:29:20 [notice] 1#1: getrlimit(RLIMIT_NOFILE): 1048576:1048576
2025/02/24 02:29:20 [notice] 1#1: start worker processes
2025/02/24 02:29:20 [notice] 1#1: start worker process 28
2025/02/24 02:29:20 [notice] 1#1: start worker process 29
2025/02/24 02:29:20 [notice] 1#1: start worker process 30
2025/02/24 02:29:20 [notice] 1#1: start worker process 31
2025/02/24 02:30:52 [notice] 1#1: signal 3 (SIGQUIT) received, shutting down
2025/02/24 02:30:52 [notice] 28#28: gracefully shutting down
2025/02/24 02:30:52 [notice] 28#28: exiting
2025/02/24 02:30:52 [notice] 29#29: gracefully shutting down
2025/02/24 02:30:52 [notice] 31#31: gracefully shutting down
2025/02/24 02:30:52 [notice] 30#30: gracefully shutting down
2025/02/24 02:30:52 [notice] 28#28: exit
2025/02/24 02:30:52 [notice] 29#29: exiting
2025/02/24 02:30:52 [notice] 31#31: exiting
2025/02/24 02:30:52 [notice] 30#30: exiting
2025/02/24 02:30:52 [notice] 29#29: exit
2025/02/24 02:30:52 [notice] 31#31: exit
2025/02/24 02:30:52 [notice] 30#30: exit
2025/02/24 02:30:52 [notice] 1#1: signal 17 (SIGCHLD) received from 28
2025/02/24 02:30:52 [notice] 1#1: worker process 28 exited with code 0
2025/02/24 02:30:52 [notice] 1#1: signal 29 (SIGIO) received
2025/02/24 02:30:52 [notice] 1#1: signal 17 (SIGCHLD) received from 31
2025/02/24 02:30:52 [notice] 1#1: worker process 29 exited with code 0
2025/02/24 02:30:52 [notice] 1#1: worker process 31 exited with code 0
2025/02/24 02:30:52 [notice] 1#1: signal 29 (SIGIO) received
2025/02/24 02:30:52 [notice] 1#1: signal 17 (SIGCHLD) received from 30
2025/02/24 02:30:52 [notice] 1#1: worker process 30 exited with code 0
2025/02/24 02:30:52 [notice] 1#1: exit
2025/02/24 02:31:05 [notice] 1#1: using the "epoll" event method
2025/02/24 02:31:05 [notice] 1#1: nginx/1.27.4
2025/02/24 02:31:05 [notice] 1#1: built by gcc 12.2.0 (Debian 12.2.0-14) 
2025/02/24 02:31:05 [notice] 1#1: OS: Linux 5.15.49-linuxkit-pr
2025/02/24 02:31:05 [notice] 1#1: getrlimit(RLIMIT_NOFILE): 1048576:1048576
2025/02/24 02:31:05 [notice] 1#1: start worker processes
2025/02/24 02:31:05 [notice] 1#1: start worker process 28
2025/02/24 02:31:05 [notice] 1#1: start worker process 29
2025/02/24 02:31:05 [notice] 1#1: start worker process 30
2025/02/24 02:31:05 [notice] 1#1: start worker process 31
2025/02/24 02:32:37 [notice] 1#1: signal 3 (SIGQUIT) received, shutting down
2025/02/24 02:32:37 [notice] 28#28: gracefully shutting down
2025/02/24 02:32:37 [notice] 28#28: exiting
2025/02/24 02:32:37 [notice] 29#29: gracefully shutting down
2025/02/24 02:32:37 [notice] 30#30: gracefully shutting down
2025/02/24 02:32:37 [notice] 31#31: gracefully shutting down
2025/02/24 02:32:37 [notice] 31#31: exiting
2025/02/24 02:32:37 [notice] 28#28: exit
2025/02/24 02:32:37 [notice] 29#29: exiting
2025/02/24 02:32:37 [notice] 30#30: exiting
2025/02/24 02:32:37 [notice] 31#31: exit
2025/02/24 02:32:37 [notice] 29#29: exit
2025/02/24 02:32:37 [notice] 30#30: exit
2025/02/24 02:32:37 [notice] 1#1: signal 17 (SIGCHLD) received from 31
2025/02/24 02:32:37 [notice] 1#1: worker process 28 exited with code 0
2025/02/24 02:32:37 [notice] 1#1: worker process 31 exited with code 0
2025/02/24 02:32:37 [notice] 1#1: signal 29 (SIGIO) received
2025/02/24 02:32:37 [notice] 1#1: signal 17 (SIGCHLD) received from 29
2025/02/24 02:32:37 [notice] 1#1: worker process 29 exited with code 0
2025/02/24 02:32:37 [notice] 1#1: signal 29 (SIGIO) received
2025/02/24 02:32:37 [notice] 1#1: signal 17 (SIGCHLD) received from 30
2025/02/24 02:32:37 [notice] 1#1: worker process 30 exited with code 0
2025/02/24 02:32:37 [notice] 1#1: exit
2025/02/24 02:33:17 [notice] 1#1: using the "epoll" event method
2025/02/24 02:33:17 [notice] 1#1: nginx/1.27.4
2025/02/24 02:33:17 [notice] 1#1: built by gcc 12.2.0 (Debian 12.2.0-14) 
2025/02/24 02:33:17 [notice] 1#1: OS: Linux 5.15.49-linuxkit-pr
2025/02/24 02:33:17 [notice] 1#1: getrlimit(RLIMIT_NOFILE): 1048576:1048576
2025/02/24 02:33:17 [notice] 1#1: start worker processes
2025/02/24 02:33:17 [notice] 1#1: start worker process 28
2025/02/24 02:33:17 [notice] 1#1: start worker process 29
2025/02/24 02:33:17 [notice] 1#1: start worker process 30
2025/02/24 02:33:17 [notice] 1#1: start worker process 31
2025/02/24 02:36:03 [notice] 1#1: signal 3 (SIGQUIT) received, shutting down
2025/02/24 02:36:03 [notice] 28#28: gracefully shutting down
2025/02/24 02:36:03 [notice] 30#30: gracefully shutting down
2025/02/24 02:36:03 [notice] 31#31: gracefully shutting down
2025/02/24 02:36:03 [notice] 29#29: gracefully shutting down
2025/02/24 02:36:03 [notice] 28#28: exiting
2025/02/24 02:36:03 [notice] 29#29: exiting
2025/02/24 02:36:03 [notice] 30#30: exiting
2025/02/24 02:36:03 [notice] 31#31: exiting
2025/02/24 02:36:03 [notice] 28#28: exit
2025/02/24 02:36:03 [notice] 29#29: exit
2025/02/24 02:36:03 [notice] 30#30: exit
2025/02/24 02:36:03 [notice] 31#31: exit
2025/02/24 02:36:03 [notice] 1#1: signal 17 (SIGCHLD) received from 29
2025/02/24 02:36:03 [notice] 1#1: worker process 29 exited with code 0
2025/02/24 02:36:03 [notice] 1#1: worker process 30 exited with code 0
2025/02/24 02:36:03 [notice] 1#1: worker process 31 exited with code 0
2025/02/24 02:36:03 [notice] 1#1: signal 29 (SIGIO) received
2025/02/24 02:36:03 [notice] 1#1: signal 17 (SIGCHLD) received from 31
2025/02/24 02:36:03 [notice] 1#1: worker process 28 exited with code 0
2025/02/24 02:36:03 [notice] 1#1: exit
2025/02/24 02:36:10 [notice] 1#1: using the "epoll" event method
2025/02/24 02:36:10 [notice] 1#1: nginx/1.27.4
2025/02/24 02:36:10 [notice] 1#1: built by gcc 12.2.0 (Debian 12.2.0-14) 
2025/02/24 02:36:10 [notice] 1#1: OS: Linux 5.15.49-linuxkit-pr
2025/02/24 02:36:10 [notice] 1#1: getrlimit(RLIMIT_NOFILE): 1048576:1048576
2025/02/24 02:36:10 [notice] 1#1: start worker processes
2025/02/24 02:36:10 [notice] 1#1: start worker process 27
2025/02/24 02:36:10 [notice] 1#1: start worker process 28
2025/02/24 02:36:10 [notice] 1#1: start worker process 29
2025/02/24 02:36:10 [notice] 1#1: start worker process 30
2025/02/24 02:36:36 [notice] 1#1: signal 3 (SIGQUIT) received, shutting down
2025/02/24 02:36:36 [notice] 28#28: gracefully shutting down
2025/02/24 02:36:36 [notice] 27#27: gracefully shutting down
2025/02/24 02:36:36 [notice] 29#29: gracefully shutting down
2025/02/24 02:36:36 [notice] 30#30: gracefully shutting down
2025/02/24 02:36:36 [notice] 28#28: exiting
2025/02/24 02:36:36 [notice] 27#27: exiting
2025/02/24 02:36:36 [notice] 27#27: exit
2025/02/24 02:36:36 [notice] 29#29: exiting
2025/02/24 02:36:36 [notice] 30#30: exiting
2025/02/24 02:36:36 [notice] 28#28: exit
2025/02/24 02:36:36 [notice] 29#29: exit
2025/02/24 02:36:36 [notice] 30#30: exit
2025/02/24 02:36:36 [notice] 1#1: signal 17 (SIGCHLD) received from 27
2025/02/24 02:36:36 [notice] 1#1: worker process 27 exited with code 0
2025/02/24 02:36:36 [notice] 1#1: signal 29 (SIGIO) received
2025/02/24 02:36:36 [notice] 1#1: signal 17 (SIGCHLD) received from 29
2025/02/24 02:36:36 [notice] 1#1: worker process 29 exited with code 0
2025/02/24 02:36:36 [notice] 1#1: signal 29 (SIGIO) received
2025/02/24 02:36:36 [notice] 1#1: signal 17 (SIGCHLD) received from 28
2025/02/24 02:36:36 [notice] 1#1: worker process 28 exited with code 0
2025/02/24 02:36:36 [notice] 1#1: worker process 30 exited with code 0
2025/02/24 02:36:36 [notice] 1#1: exit
